action: 'py38'], msg: getenv
cwd: /home/jovyan/git/peopleanalytics-python
cmd: '/home/jovyan/git/peopleanalytics-python/.tox/'"'"'py38'"'"']/bin/python' -m pip install pydocstyle pycodestyle pytest
Collecting pydocstyle
  Using cached pydocstyle-6.0.0-py3-none-any.whl (36 kB)
Collecting pycodestyle
  Using cached pycodestyle-2.7.0-py2.py3-none-any.whl (41 kB)
Collecting pytest
  Using cached pytest-6.2.2-py3-none-any.whl (280 kB)
Collecting snowballstemmer
  Using cached snowballstemmer-2.1.0-py2.py3-none-any.whl (93 kB)
Collecting pluggy<1.0.0a1,>=0.12
  Using cached pluggy-0.13.1-py2.py3-none-any.whl (18 kB)
Collecting py>=1.8.2
  Using cached py-1.10.0-py2.py3-none-any.whl (97 kB)
Collecting attrs>=19.2.0
  Using cached attrs-20.3.0-py2.py3-none-any.whl (49 kB)
Collecting toml
  Using cached toml-0.10.2-py2.py3-none-any.whl (16 kB)
Requirement already satisfied: packaging in ./.tox/'py38']/lib/python3.8/site-packages (from pytest) (20.3)
Collecting iniconfig
  Using cached iniconfig-1.1.1-py2.py3-none-any.whl (5.0 kB)
Installing collected packages: snowballstemmer, pydocstyle, pycodestyle, pluggy, py, attrs, toml, iniconfig, pytest
Successfully installed attrs-20.3.0 iniconfig-1.1.1 pluggy-0.13.1 py-1.10.0 pycodestyle-2.7.0 pydocstyle-6.0.0 pytest-6.2.2 snowballstemmer-2.1.0 toml-0.10.2
