action: GLOB, msg: packaging
cwd: /home/jovyan/git/peopleanalytics-python
cmd: /usr/bin/python setup.py sdist --formats=zip --dist-dir .tox/dist
running sdist
running egg_info
writing peopleanalyticsdata.egg-info/PKG-INFO
writing dependency_links to peopleanalyticsdata.egg-info/dependency_links.txt
writing top-level names to peopleanalyticsdata.egg-info/top_level.txt
reading manifest file 'peopleanalyticsdata.egg-info/SOURCES.txt'
reading manifest template 'MANIFEST.in'
writing manifest file 'peopleanalyticsdata.egg-info/SOURCES.txt'
running check
creating peopleanalyticsdata-0.1.4
creating peopleanalyticsdata-0.1.4/peopleanalyticsdata
creating peopleanalyticsdata-0.1.4/peopleanalyticsdata.egg-info
creating peopleanalyticsdata-0.1.4/tests
copying files to peopleanalyticsdata-0.1.4...
copying DESCRIPTION.rst -> peopleanalyticsdata-0.1.4
copying LICENSE -> peopleanalyticsdata-0.1.4
copying MANIFEST.in -> peopleanalyticsdata-0.1.4
copying README.md -> peopleanalyticsdata-0.1.4
copying setup.py -> peopleanalyticsdata-0.1.4
copying peopleanalyticsdata/__init__.py -> peopleanalyticsdata-0.1.4/peopleanalyticsdata
copying peopleanalyticsdata/peopleanalyticsdata.py -> peopleanalyticsdata-0.1.4/peopleanalyticsdata
copying peopleanalyticsdata.egg-info/PKG-INFO -> peopleanalyticsdata-0.1.4/peopleanalyticsdata.egg-info
copying peopleanalyticsdata.egg-info/SOURCES.txt -> peopleanalyticsdata-0.1.4/peopleanalyticsdata.egg-info
copying peopleanalyticsdata.egg-info/dependency_links.txt -> peopleanalyticsdata-0.1.4/peopleanalyticsdata.egg-info
copying peopleanalyticsdata.egg-info/top_level.txt -> peopleanalyticsdata-0.1.4/peopleanalyticsdata.egg-info
copying tests/__init__.py -> peopleanalyticsdata-0.1.4/tests
copying tests/test_peopleanalyticsdata.py -> peopleanalyticsdata-0.1.4/tests
Writing peopleanalyticsdata-0.1.4/setup.cfg
creating '.tox/dist/peopleanalyticsdata-0.1.4.zip' and adding 'peopleanalyticsdata-0.1.4' to it
adding 'peopleanalyticsdata-0.1.4'
adding 'peopleanalyticsdata-0.1.4/peopleanalyticsdata'
adding 'peopleanalyticsdata-0.1.4/peopleanalyticsdata.egg-info'
adding 'peopleanalyticsdata-0.1.4/tests'
adding 'peopleanalyticsdata-0.1.4/DESCRIPTION.rst'
adding 'peopleanalyticsdata-0.1.4/LICENSE'
adding 'peopleanalyticsdata-0.1.4/MANIFEST.in'
adding 'peopleanalyticsdata-0.1.4/PKG-INFO'
adding 'peopleanalyticsdata-0.1.4/README.md'
adding 'peopleanalyticsdata-0.1.4/setup.cfg'
adding 'peopleanalyticsdata-0.1.4/setup.py'
adding 'peopleanalyticsdata-0.1.4/peopleanalyticsdata/__init__.py'
adding 'peopleanalyticsdata-0.1.4/peopleanalyticsdata/peopleanalyticsdata.py'
adding 'peopleanalyticsdata-0.1.4/peopleanalyticsdata.egg-info/PKG-INFO'
adding 'peopleanalyticsdata-0.1.4/peopleanalyticsdata.egg-info/SOURCES.txt'
adding 'peopleanalyticsdata-0.1.4/peopleanalyticsdata.egg-info/dependency_links.txt'
adding 'peopleanalyticsdata-0.1.4/peopleanalyticsdata.egg-info/top_level.txt'
adding 'peopleanalyticsdata-0.1.4/tests/__init__.py'
adding 'peopleanalyticsdata-0.1.4/tests/test_peopleanalyticsdata.py'
removing 'peopleanalyticsdata-0.1.4' (and everything under it)
